[ 2017-11-13T09:35:01+08:00 ] 127.0.0.1 /logsystem/
INFO: [ app_init ] --START--
INFO: Run Behavior\BuildLiteBehavior [ RunTime:0.000021s ]
INFO: [ app_init ] --END-- [ RunTime:0.001068s ]
INFO: [ app_begin ] --START--
INFO: Run Behavior\ReadHtmlCacheBehavior [ RunTime:0.000939s ]
INFO: [ app_begin ] --END-- [ RunTime:0.001020s ]
NOTIC: [2048] Declaration of Home\Controller\IndexController::ajaxReturn() should be compatible with Think\Controller::ajaxReturn($data, $type = '', $json_option = 0) F:\phpStudy\WWW\logsystem\Apps\Home\Controller\IndexController.class.php 第 128 行.
INFO: [ view_parse ] --START--
INFO: [ template_filter ] --START--
INFO: Run Behavior\ContentReplaceBehavior [ RunTime:0.001321s ]
INFO: [ template_filter ] --END-- [ RunTime:0.001427s ]
INFO: Run Behavior\ParseTemplateBehavior [ RunTime:0.048888s ]
INFO: [ view_parse ] --END-- [ RunTime:0.049002s ]
INFO: [ view_filter ] --START--
INFO: Run Behavior\WriteHtmlCacheBehavior [ RunTime:0.001019s ]
INFO: [ view_filter ] --END-- [ RunTime:0.001081s ]
INFO: [ app_end ] --START--
INFO: Run Behavior\ShowPageTraceBehavior [ RunTime:0.001302s ]
INFO: [ app_end ] --END-- [ RunTime:0.001371s ]

[ 2017-11-13T09:35:07+08:00 ] 127.0.0.1 /logsystem/index.php/Home/Index/login
INFO: [ app_init ] --START--
INFO: Run Behavior\BuildLiteBehavior [ RunTime:0.000009s ]
INFO: [ app_init ] --END-- [ RunTime:0.000291s ]
INFO: [ app_begin ] --START--
INFO: Run Behavior\ReadHtmlCacheBehavior [ RunTime:0.000357s ]
INFO: [ app_begin ] --END-- [ RunTime:0.000393s ]
NOTIC: [2048] Declaration of Home\Controller\IndexController::ajaxReturn() should be compatible with Think\Controller::ajaxReturn($data, $type = '', $json_option = 0) F:\phpStudy\WWW\logsystem\Apps\Home\Controller\IndexController.class.php 第 128 行.

[ 2017-11-13T09:35:46+08:00 ] 127.0.0.1 /logsystem/index.php/Home/Index/login
INFO: [ app_init ] --START--
INFO: Run Behavior\BuildLiteBehavior [ RunTime:0.000009s ]
INFO: [ app_init ] --END-- [ RunTime:0.000258s ]
INFO: [ app_begin ] --START--
INFO: Run Behavior\ReadHtmlCacheBehavior [ RunTime:0.000307s ]
INFO: [ app_begin ] --END-- [ RunTime:0.000340s ]
NOTIC: [2048] Declaration of Home\Controller\IndexController::ajaxReturn() should be compatible with Think\Controller::ajaxReturn($data, $type = '', $json_option = 0) F:\phpStudy\WWW\logsystem\Apps\Home\Controller\IndexController.class.php 第 128 行.
ERR: Think\Controller:sendMail方法不存在！

[ 2017-11-13T09:36:19+08:00 ] 127.0.0.1 /logsystem/index.php/Home/Index/login
INFO: [ app_init ] --START--
INFO: Run Behavior\BuildLiteBehavior [ RunTime:0.000009s ]
INFO: [ app_init ] --END-- [ RunTime:0.000263s ]
INFO: [ app_begin ] --START--
INFO: Run Behavior\ReadHtmlCacheBehavior [ RunTime:0.000325s ]
INFO: [ app_begin ] --END-- [ RunTime:0.000359s ]
NOTIC: [2048] Declaration of Home\Controller\IndexController::ajaxReturn() should be compatible with Think\Controller::ajaxReturn($data, $type = '', $json_option = 0) F:\phpStudy\WWW\logsystem\Apps\Home\Controller\IndexController.class.php 第 127 行.
ERR: Think\Controller:sendMail方法不存在！

[ 2017-11-13T09:36:21+08:00 ] 127.0.0.1 /logsystem/index.php/Home/Index/login
INFO: [ app_init ] --START--
INFO: Run Behavior\BuildLiteBehavior [ RunTime:0.000008s ]
INFO: [ app_init ] --END-- [ RunTime:0.000251s ]
INFO: [ app_begin ] --START--
INFO: Run Behavior\ReadHtmlCacheBehavior [ RunTime:0.000298s ]
INFO: [ app_begin ] --END-- [ RunTime:0.000331s ]
NOTIC: [2048] Declaration of Home\Controller\IndexController::ajaxReturn() should be compatible with Think\Controller::ajaxReturn($data, $type = '', $json_option = 0) F:\phpStudy\WWW\logsystem\Apps\Home\Controller\IndexController.class.php 第 127 行.
ERR: Think\Controller:sendMail方法不存在！

[ 2017-11-13T09:36:21+08:00 ] 127.0.0.1 /logsystem/index.php/Home/Index/login
INFO: [ app_init ] --START--
INFO: Run Behavior\BuildLiteBehavior [ RunTime:0.000009s ]
INFO: [ app_init ] --END-- [ RunTime:0.000262s ]
INFO: [ app_begin ] --START--
INFO: Run Behavior\ReadHtmlCacheBehavior [ RunTime:0.000327s ]
INFO: [ app_begin ] --END-- [ RunTime:0.000364s ]
NOTIC: [2048] Declaration of Home\Controller\IndexController::ajaxReturn() should be compatible with Think\Controller::ajaxReturn($data, $type = '', $json_option = 0) F:\phpStudy\WWW\logsystem\Apps\Home\Controller\IndexController.class.php 第 127 行.
ERR: Think\Controller:sendMail方法不存在！

[ 2017-11-13T09:36:21+08:00 ] 127.0.0.1 /logsystem/index.php/Home/Index/login
INFO: [ app_init ] --START--
INFO: Run Behavior\BuildLiteBehavior [ RunTime:0.000009s ]
INFO: [ app_init ] --END-- [ RunTime:0.000265s ]
INFO: [ app_begin ] --START--
INFO: Run Behavior\ReadHtmlCacheBehavior [ RunTime:0.000309s ]
INFO: [ app_begin ] --END-- [ RunTime:0.000342s ]
NOTIC: [2048] Declaration of Home\Controller\IndexController::ajaxReturn() should be compatible with Think\Controller::ajaxReturn($data, $type = '', $json_option = 0) F:\phpStudy\WWW\logsystem\Apps\Home\Controller\IndexController.class.php 第 127 行.
ERR: Think\Controller:sendMail方法不存在！

[ 2017-11-13T09:36:22+08:00 ] 127.0.0.1 /logsystem/index.php/Home/Index/login
INFO: [ app_init ] --START--
INFO: Run Behavior\BuildLiteBehavior [ RunTime:0.000010s ]
INFO: [ app_init ] --END-- [ RunTime:0.000274s ]
INFO: [ app_begin ] --START--
INFO: Run Behavior\ReadHtmlCacheBehavior [ RunTime:0.000325s ]
INFO: [ app_begin ] --END-- [ RunTime:0.000360s ]
NOTIC: [2048] Declaration of Home\Controller\IndexController::ajaxReturn() should be compatible with Think\Controller::ajaxReturn($data, $type = '', $json_option = 0) F:\phpStudy\WWW\logsystem\Apps\Home\Controller\IndexController.class.php 第 127 行.
ERR: Think\Controller:sendMail方法不存在！

[ 2017-11-13T09:36:51+08:00 ] 127.0.0.1 /logsystem/index.php/Home/Index/login
INFO: [ app_init ] --START--
INFO: Run Behavior\BuildLiteBehavior [ RunTime:0.000010s ]
INFO: [ app_init ] --END-- [ RunTime:0.000277s ]
INFO: [ app_begin ] --START--
INFO: Run Behavior\ReadHtmlCacheBehavior [ RunTime:0.000320s ]
INFO: [ app_begin ] --END-- [ RunTime:0.000354s ]
NOTIC: [2048] Declaration of Home\Controller\IndexController::ajaxReturn() should be compatible with Think\Controller::ajaxReturn($data, $type = '', $json_option = 0) F:\phpStudy\WWW\logsystem\Apps\Home\Controller\IndexController.class.php 第 127 行.
INFO: [ view_parse ] --START--
INFO: [ template_filter ] --START--
INFO: Run Behavior\ContentReplaceBehavior [ RunTime:0.000024s ]
INFO: [ template_filter ] --END-- [ RunTime:0.000056s ]
INFO: Run Behavior\ParseTemplateBehavior [ RunTime:0.004236s ]
INFO: [ view_parse ] --END-- [ RunTime:0.004277s ]
INFO: [ view_filter ] --START--
INFO: Run Behavior\WriteHtmlCacheBehavior [ RunTime:0.000168s ]
INFO: [ view_filter ] --END-- [ RunTime:0.000190s ]

[ 2017-11-13T09:36:57+08:00 ] 127.0.0.1 /logsystem/
INFO: [ app_init ] --START--
INFO: Run Behavior\BuildLiteBehavior [ RunTime:0.000009s ]
INFO: [ app_init ] --END-- [ RunTime:0.000313s ]
INFO: [ app_begin ] --START--
INFO: Run Behavior\ReadHtmlCacheBehavior [ RunTime:0.000312s ]
INFO: [ app_begin ] --END-- [ RunTime:0.000345s ]
NOTIC: [2048] Declaration of Home\Controller\IndexController::ajaxReturn() should be compatible with Think\Controller::ajaxReturn($data, $type = '', $json_option = 0) F:\phpStudy\WWW\logsystem\Apps\Home\Controller\IndexController.class.php 第 127 行.
INFO: [ view_parse ] --START--
INFO: [ template_filter ] --START--
INFO: Run Behavior\ContentReplaceBehavior [ RunTime:0.000042s ]
INFO: [ template_filter ] --END-- [ RunTime:0.000090s ]
INFO: Run Behavior\ParseTemplateBehavior [ RunTime:0.004246s ]
INFO: [ view_parse ] --END-- [ RunTime:0.004305s ]
INFO: [ view_filter ] --START--
INFO: Run Behavior\WriteHtmlCacheBehavior [ RunTime:0.000204s ]
INFO: [ view_filter ] --END-- [ RunTime:0.000229s ]
INFO: [ app_end ] --START--
INFO: Run Behavior\ShowPageTraceBehavior [ RunTime:0.000331s ]
INFO: [ app_end ] --END-- [ RunTime:0.000357s ]

[ 2017-11-13T09:37:03+08:00 ] 127.0.0.1 /logsystem/index.php/Home/Index/login
INFO: [ app_init ] --START--
INFO: Run Behavior\BuildLiteBehavior [ RunTime:0.000017s ]
INFO: [ app_init ] --END-- [ RunTime:0.000309s ]
INFO: [ app_begin ] --START--
INFO: Run Behavior\ReadHtmlCacheBehavior [ RunTime:0.000418s ]
INFO: [ app_begin ] --END-- [ RunTime:0.000451s ]
NOTIC: [2048] Declaration of Home\Controller\IndexController::ajaxReturn() should be compatible with Think\Controller::ajaxReturn($data, $type = '', $json_option = 0) F:\phpStudy\WWW\logsystem\Apps\Home\Controller\IndexController.class.php 第 127 行.
INFO: [ view_parse ] --START--
INFO: [ template_filter ] --START--
INFO: Run Behavior\ContentReplaceBehavior [ RunTime:0.000027s ]
INFO: [ template_filter ] --END-- [ RunTime:0.000064s ]
INFO: Run Behavior\ParseTemplateBehavior [ RunTime:0.004737s ]
INFO: [ view_parse ] --END-- [ RunTime:0.004792s ]
INFO: [ view_filter ] --START--
INFO: Run Behavior\WriteHtmlCacheBehavior [ RunTime:0.000216s ]
INFO: [ view_filter ] --END-- [ RunTime:0.000247s ]

[ 2017-11-13T09:37:29+08:00 ] 127.0.0.1 /logsystem/
INFO: [ app_init ] --START--
INFO: Run Behavior\BuildLiteBehavior [ RunTime:0.000010s ]
INFO: [ app_init ] --END-- [ RunTime:0.000300s ]
INFO: [ app_begin ] --START--
INFO: Run Behavior\ReadHtmlCacheBehavior [ RunTime:0.000318s ]
INFO: [ app_begin ] --END-- [ RunTime:0.000349s ]
NOTIC: [2048] Declaration of Home\Controller\IndexController::ajaxReturn() should be compatible with Think\Controller::ajaxReturn($data, $type = '', $json_option = 0) F:\phpStudy\WWW\logsystem\Apps\Home\Controller\IndexController.class.php 第 127 行.
INFO: [ view_parse ] --START--
INFO: [ template_filter ] --START--
INFO: Run Behavior\ContentReplaceBehavior [ RunTime:0.000035s ]
INFO: [ template_filter ] --END-- [ RunTime:0.000063s ]
INFO: Run Behavior\ParseTemplateBehavior [ RunTime:0.004076s ]
INFO: [ view_parse ] --END-- [ RunTime:0.004118s ]
INFO: [ view_filter ] --START--
INFO: Run Behavior\WriteHtmlCacheBehavior [ RunTime:0.000164s ]
INFO: [ view_filter ] --END-- [ RunTime:0.000186s ]
INFO: [ app_end ] --START--
INFO: Run Behavior\ShowPageTraceBehavior [ RunTime:0.000358s ]
INFO: [ app_end ] --END-- [ RunTime:0.000384s ]

[ 2017-11-13T09:37:36+08:00 ] 127.0.0.1 /logsystem/index.php/Home/Index/login
INFO: [ app_init ] --START--
INFO: Run Behavior\BuildLiteBehavior [ RunTime:0.000009s ]
INFO: [ app_init ] --END-- [ RunTime:0.000289s ]
INFO: [ app_begin ] --START--
INFO: Run Behavior\ReadHtmlCacheBehavior [ RunTime:0.000306s ]
INFO: [ app_begin ] --END-- [ RunTime:0.000338s ]
NOTIC: [2048] Declaration of Home\Controller\IndexController::ajaxReturn() should be compatible with Think\Controller::ajaxReturn($data, $type = '', $json_option = 0) F:\phpStudy\WWW\logsystem\Apps\Home\Controller\IndexController.class.php 第 127 行.
INFO: [ view_parse ] --START--
INFO: [ template_filter ] --START--
INFO: Run Behavior\ContentReplaceBehavior [ RunTime:0.000024s ]
INFO: [ template_filter ] --END-- [ RunTime:0.000056s ]
INFO: Run Behavior\ParseTemplateBehavior [ RunTime:0.004265s ]
INFO: [ view_parse ] --END-- [ RunTime:0.004310s ]
INFO: [ view_filter ] --START--
INFO: Run Behavior\WriteHtmlCacheBehavior [ RunTime:0.000173s ]
INFO: [ view_filter ] --END-- [ RunTime:0.000195s ]

[ 2017-11-13T09:38:35+08:00 ] 127.0.0.1 /logsystem/
INFO: [ app_init ] --START--
INFO: Run Behavior\BuildLiteBehavior [ RunTime:0.000009s ]
INFO: [ app_init ] --END-- [ RunTime:0.000322s ]
INFO: [ app_begin ] --START--
INFO: Run Behavior\ReadHtmlCacheBehavior [ RunTime:0.000308s ]
INFO: [ app_begin ] --END-- [ RunTime:0.000343s ]
NOTIC: [2048] Declaration of Home\Controller\IndexController::ajaxReturn() should be compatible with Think\Controller::ajaxReturn($data, $type = '', $json_option = 0) F:\phpStudy\WWW\logsystem\Apps\Home\Controller\IndexController.class.php 第 127 行.
INFO: [ view_parse ] --START--
INFO: [ template_filter ] --START--
INFO: Run Behavior\ContentReplaceBehavior [ RunTime:0.000033s ]
INFO: [ template_filter ] --END-- [ RunTime:0.000062s ]
INFO: Run Behavior\ParseTemplateBehavior [ RunTime:0.003843s ]
INFO: [ view_parse ] --END-- [ RunTime:0.003882s ]
INFO: [ view_filter ] --START--
INFO: Run Behavior\WriteHtmlCacheBehavior [ RunTime:0.000166s ]
INFO: [ view_filter ] --END-- [ RunTime:0.000189s ]
INFO: [ app_end ] --START--
INFO: Run Behavior\ShowPageTraceBehavior [ RunTime:0.000305s ]
INFO: [ app_end ] --END-- [ RunTime:0.000330s ]

[ 2017-11-13T09:41:25+08:00 ] 127.0.0.1 /logsystem/index.php/Home/Index/login
INFO: [ app_init ] --START--
INFO: Run Behavior\BuildLiteBehavior [ RunTime:0.000009s ]
INFO: [ app_init ] --END-- [ RunTime:0.000308s ]
INFO: [ app_begin ] --START--
INFO: Run Behavior\ReadHtmlCacheBehavior [ RunTime:0.000383s ]
INFO: [ app_begin ] --END-- [ RunTime:0.000414s ]
NOTIC: [2048] Declaration of Home\Controller\IndexController::ajaxReturn() should be compatible with Think\Controller::ajaxReturn($data, $type = '', $json_option = 0) F:\phpStudy\WWW\logsystem\Apps\Home\Controller\IndexController.class.php 第 128 行.

[ 2017-11-13T10:32:10+08:00 ] 127.0.0.1 /logsystem/index.php/Home/Index/login
INFO: [ app_init ] --START--
INFO: Run Behavior\BuildLiteBehavior [ RunTime:0.000011s ]
INFO: [ app_init ] --END-- [ RunTime:0.000363s ]
INFO: [ app_begin ] --START--
INFO: Run Behavior\ReadHtmlCacheBehavior [ RunTime:0.000382s ]
INFO: [ app_begin ] --END-- [ RunTime:0.000417s ]
NOTIC: [2048] Declaration of Home\Controller\IndexController::ajaxReturn() should be compatible with Think\Controller::ajaxReturn($data, $type = '', $json_option = 0) F:\phpStudy\WWW\logsystem\Apps\Home\Controller\IndexController.class.php 第 136 行.
INFO: [ view_parse ] --START--
INFO: [ template_filter ] --START--
INFO: Run Behavior\ContentReplaceBehavior [ RunTime:0.000056s ]
INFO: [ template_filter ] --END-- [ RunTime:0.000118s ]
INFO: Run Behavior\ParseTemplateBehavior [ RunTime:0.030884s ]
INFO: [ view_parse ] --END-- [ RunTime:0.030981s ]
INFO: [ view_filter ] --START--
INFO: Run Behavior\WriteHtmlCacheBehavior [ RunTime:0.000709s ]
INFO: [ view_filter ] --END-- [ RunTime:0.000755s ]

[ 2017-11-13T10:33:10+08:00 ] 127.0.0.1 /logsystem/index.php/Home/Index/login
INFO: [ app_init ] --START--
INFO: Run Behavior\BuildLiteBehavior [ RunTime:0.000008s ]
INFO: [ app_init ] --END-- [ RunTime:0.000301s ]
INFO: [ app_begin ] --START--
INFO: Run Behavior\ReadHtmlCacheBehavior [ RunTime:0.000378s ]
INFO: [ app_begin ] --END-- [ RunTime:0.000411s ]
NOTIC: [2048] Declaration of Home\Controller\IndexController::ajaxReturn() should be compatible with Think\Controller::ajaxReturn($data, $type = '', $json_option = 0) F:\phpStudy\WWW\logsystem\Apps\Home\Controller\IndexController.class.php 第 136 行.
INFO: [ view_parse ] --START--
INFO: [ template_filter ] --START--
INFO: Run Behavior\ContentReplaceBehavior [ RunTime:0.000070s ]
INFO: [ template_filter ] --END-- [ RunTime:0.000148s ]
INFO: Run Behavior\ParseTemplateBehavior [ RunTime:0.032074s ]
INFO: [ view_parse ] --END-- [ RunTime:0.032183s ]
INFO: [ view_filter ] --START--
INFO: Run Behavior\WriteHtmlCacheBehavior [ RunTime:0.000884s ]
INFO: [ view_filter ] --END-- [ RunTime:0.000944s ]

[ 2017-11-13T10:34:18+08:00 ] 127.0.0.1 /logsystem/
INFO: [ app_init ] --START--
INFO: Run Behavior\BuildLiteBehavior [ RunTime:0.000010s ]
INFO: [ app_init ] --END-- [ RunTime:0.000324s ]
INFO: [ app_begin ] --START--
INFO: Run Behavior\ReadHtmlCacheBehavior [ RunTime:0.000485s ]
INFO: [ app_begin ] --END-- [ RunTime:0.000518s ]
NOTIC: [2048] Declaration of Home\Controller\IndexController::ajaxReturn() should be compatible with Think\Controller::ajaxReturn($data, $type = '', $json_option = 0) F:\phpStudy\WWW\logsystem\Apps\Home\Controller\IndexController.class.php 第 136 行.
INFO: [ view_parse ] --START--
INFO: [ template_filter ] --START--
INFO: Run Behavior\ContentReplaceBehavior [ RunTime:0.000036s ]
INFO: [ template_filter ] --END-- [ RunTime:0.000065s ]
INFO: Run Behavior\ParseTemplateBehavior [ RunTime:0.005106s ]
INFO: [ view_parse ] --END-- [ RunTime:0.005157s ]
INFO: [ view_filter ] --START--
INFO: Run Behavior\WriteHtmlCacheBehavior [ RunTime:0.000363s ]
INFO: [ view_filter ] --END-- [ RunTime:0.000389s ]
INFO: [ app_end ] --START--
INFO: Run Behavior\ShowPageTraceBehavior [ RunTime:0.000521s ]
INFO: [ app_end ] --END-- [ RunTime:0.000548s ]

[ 2017-11-13T10:35:27+08:00 ] 127.0.0.1 /logsystem/index.php/Home/Index/login
INFO: [ app_init ] --START--
INFO: Run Behavior\BuildLiteBehavior [ RunTime:0.000011s ]
INFO: [ app_init ] --END-- [ RunTime:0.000391s ]
INFO: [ app_begin ] --START--
INFO: Run Behavior\ReadHtmlCacheBehavior [ RunTime:0.000505s ]
INFO: [ app_begin ] --END-- [ RunTime:0.000544s ]
NOTIC: [2048] Declaration of Home\Controller\IndexController::ajaxReturn() should be compatible with Think\Controller::ajaxReturn($data, $type = '', $json_option = 0) F:\phpStudy\WWW\logsystem\Apps\Home\Controller\IndexController.class.php 第 136 行.
INFO: [ view_parse ] --START--
INFO: [ template_filter ] --START--
INFO: Run Behavior\ContentReplaceBehavior [ RunTime:0.000029s ]
INFO: [ template_filter ] --END-- [ RunTime:0.000064s ]
INFO: Run Behavior\ParseTemplateBehavior [ RunTime:0.005479s ]
INFO: [ view_parse ] --END-- [ RunTime:0.005522s ]
INFO: [ view_filter ] --START--
INFO: Run Behavior\WriteHtmlCacheBehavior [ RunTime:0.000378s ]
INFO: [ view_filter ] --END-- [ RunTime:0.000401s ]

[ 2017-11-13T10:55:52+08:00 ] 127.0.0.1 /logsystem/
INFO: [ app_init ] --START--
INFO: Run Behavior\BuildLiteBehavior [ RunTime:0.000009s ]
INFO: [ app_init ] --END-- [ RunTime:0.000328s ]
INFO: [ app_begin ] --START--
INFO: Run Behavior\ReadHtmlCacheBehavior [ RunTime:0.000380s ]
INFO: [ app_begin ] --END-- [ RunTime:0.000413s ]
NOTIC: [2048] Declaration of Home\Controller\IndexController::ajaxReturn() should be compatible with Think\Controller::ajaxReturn($data, $type = '', $json_option = 0) F:\phpStudy\WWW\logsystem\Apps\Home\Controller\IndexController.class.php 第 136 行.
INFO: [ view_parse ] --START--
INFO: [ template_filter ] --START--
INFO: Run Behavior\ContentReplaceBehavior [ RunTime:0.000040s ]
INFO: [ template_filter ] --END-- [ RunTime:0.000072s ]
INFO: Run Behavior\ParseTemplateBehavior [ RunTime:0.010672s ]
INFO: [ view_parse ] --END-- [ RunTime:0.010744s ]
INFO: [ view_filter ] --START--
INFO: Run Behavior\WriteHtmlCacheBehavior [ RunTime:0.000299s ]
INFO: [ view_filter ] --END-- [ RunTime:0.000332s ]
INFO: [ app_end ] --START--
INFO: Run Behavior\ShowPageTraceBehavior [ RunTime:0.000566s ]
INFO: [ app_end ] --END-- [ RunTime:0.000597s ]

[ 2017-11-13T10:56:17+08:00 ] 127.0.0.1 /logsystem/index.php/Home/Index/login
INFO: [ app_init ] --START--
INFO: Run Behavior\BuildLiteBehavior [ RunTime:0.000009s ]
INFO: [ app_init ] --END-- [ RunTime:0.000300s ]
INFO: [ app_begin ] --START--
INFO: Run Behavior\ReadHtmlCacheBehavior [ RunTime:0.000302s ]
INFO: [ app_begin ] --END-- [ RunTime:0.000335s ]
NOTIC: [2048] Declaration of Home\Controller\IndexController::ajaxReturn() should be compatible with Think\Controller::ajaxReturn($data, $type = '', $json_option = 0) F:\phpStudy\WWW\logsystem\Apps\Home\Controller\IndexController.class.php 第 136 行.
INFO: [ view_parse ] --START--
INFO: [ template_filter ] --START--
INFO: Run Behavior\ContentReplaceBehavior [ RunTime:0.000052s ]
INFO: [ template_filter ] --END-- [ RunTime:0.000124s ]
INFO: Run Behavior\ParseTemplateBehavior [ RunTime:0.012464s ]
INFO: [ view_parse ] --END-- [ RunTime:0.012568s ]
INFO: [ view_filter ] --START--
INFO: Run Behavior\WriteHtmlCacheBehavior [ RunTime:0.000912s ]
INFO: [ view_filter ] --END-- [ RunTime:0.000973s ]

[ 2017-11-13T10:59:36+08:00 ] 127.0.0.1 /logsystem/
INFO: [ app_init ] --START--
INFO: Run Behavior\BuildLiteBehavior [ RunTime:0.000008s ]
INFO: [ app_init ] --END-- [ RunTime:0.000312s ]
INFO: [ app_begin ] --START--
INFO: Run Behavior\ReadHtmlCacheBehavior [ RunTime:0.000478s ]
INFO: [ app_begin ] --END-- [ RunTime:0.000511s ]
NOTIC: [2048] Declaration of Home\Controller\IndexController::ajaxReturn() should be compatible with Think\Controller::ajaxReturn($data, $type = '', $json_option = 0) F:\phpStudy\WWW\logsystem\Apps\Home\Controller\IndexController.class.php 第 136 行.
INFO: [ view_parse ] --START--
INFO: [ template_filter ] --START--
INFO: Run Behavior\ContentReplaceBehavior [ RunTime:0.000037s ]
INFO: [ template_filter ] --END-- [ RunTime:0.000067s ]
INFO: Run Behavior\ParseTemplateBehavior [ RunTime:0.005142s ]
INFO: [ view_parse ] --END-- [ RunTime:0.005187s ]
INFO: [ view_filter ] --START--
INFO: Run Behavior\WriteHtmlCacheBehavior [ RunTime:0.000345s ]
INFO: [ view_filter ] --END-- [ RunTime:0.000368s ]
INFO: [ app_end ] --START--
INFO: Run Behavior\ShowPageTraceBehavior [ RunTime:0.000529s ]
INFO: [ app_end ] --END-- [ RunTime:0.000555s ]

[ 2017-11-13T11:01:42+08:00 ] 127.0.0.1 /logsystem/index.php/Home/Index/login
INFO: [ app_init ] --START--
INFO: Run Behavior\BuildLiteBehavior [ RunTime:0.000020s ]
INFO: [ app_init ] --END-- [ RunTime:0.000352s ]
INFO: [ app_begin ] --START--
INFO: Run Behavior\ReadHtmlCacheBehavior [ RunTime:0.000551s ]
INFO: [ app_begin ] --END-- [ RunTime:0.000592s ]
NOTIC: [2048] Declaration of Home\Controller\IndexController::ajaxReturn() should be compatible with Think\Controller::ajaxReturn($data, $type = '', $json_option = 0) F:\phpStudy\WWW\logsystem\Apps\Home\Controller\IndexController.class.php 第 136 行.
INFO: [ view_parse ] --START--
INFO: [ template_filter ] --START--
INFO: Run Behavior\ContentReplaceBehavior [ RunTime:0.000069s ]
INFO: [ template_filter ] --END-- [ RunTime:0.000162s ]
INFO: Run Behavior\ParseTemplateBehavior [ RunTime:0.013278s ]
INFO: [ view_parse ] --END-- [ RunTime:0.013364s ]
INFO: [ view_filter ] --START--
INFO: Run Behavior\WriteHtmlCacheBehavior [ RunTime:0.000630s ]
INFO: [ view_filter ] --END-- [ RunTime:0.000673s ]

[ 2017-11-13T13:12:53+08:00 ] 127.0.0.1 /logsystem/
INFO: [ app_init ] --START--
INFO: Run Behavior\BuildLiteBehavior [ RunTime:0.000010s ]
INFO: [ app_init ] --END-- [ RunTime:0.000484s ]
INFO: [ app_begin ] --START--
INFO: Run Behavior\ReadHtmlCacheBehavior [ RunTime:0.000379s ]
INFO: [ app_begin ] --END-- [ RunTime:0.000413s ]
NOTIC: [2048] Declaration of Home\Controller\IndexController::ajaxReturn() should be compatible with Think\Controller::ajaxReturn($data, $type = '', $json_option = 0) F:\phpStudy\WWW\logsystem\Apps\Home\Controller\IndexController.class.php 第 136 行.
INFO: [ view_parse ] --START--
INFO: [ template_filter ] --START--
INFO: Run Behavior\ContentReplaceBehavior [ RunTime:0.000042s ]
INFO: [ template_filter ] --END-- [ RunTime:0.000075s ]
INFO: Run Behavior\ParseTemplateBehavior [ RunTime:0.010457s ]
INFO: [ view_parse ] --END-- [ RunTime:0.010512s ]
INFO: [ view_filter ] --START--
INFO: Run Behavior\WriteHtmlCacheBehavior [ RunTime:0.000254s ]
INFO: [ view_filter ] --END-- [ RunTime:0.000278s ]
INFO: [ app_end ] --START--
INFO: Run Behavior\ShowPageTraceBehavior [ RunTime:0.000379s ]
INFO: [ app_end ] --END-- [ RunTime:0.000404s ]

[ 2017-11-13T13:15:43+08:00 ] 127.0.0.1 /logsystem/index.php/Home/Index/login
INFO: [ app_init ] --START--
INFO: Run Behavior\BuildLiteBehavior [ RunTime:0.000011s ]
INFO: [ app_init ] --END-- [ RunTime:0.000356s ]
INFO: [ app_begin ] --START--
INFO: Run Behavior\ReadHtmlCacheBehavior [ RunTime:0.000495s ]
INFO: [ app_begin ] --END-- [ RunTime:0.000546s ]
NOTIC: [2048] Declaration of Home\Controller\IndexController::ajaxReturn() should be compatible with Think\Controller::ajaxReturn($data, $type = '', $json_option = 0) F:\phpStudy\WWW\logsystem\Apps\Home\Controller\IndexController.class.php 第 136 行.
SQL: SELECT * FROM `log` WHERE ( pid=0 )  [ RunTime:0.0165s ]
INFO: [ view_parse ] --START--
INFO: [ template_filter ] --START--
INFO: Run Behavior\ContentReplaceBehavior [ RunTime:0.000114s ]
INFO: [ template_filter ] --END-- [ RunTime:0.000182s ]
INFO: Run Behavior\ParseTemplateBehavior [ RunTime:0.029790s ]
INFO: [ view_parse ] --END-- [ RunTime:0.029874s ]
INFO: [ view_filter ] --START--
INFO: Run Behavior\WriteHtmlCacheBehavior [ RunTime:0.000747s ]
INFO: [ view_filter ] --END-- [ RunTime:0.000799s ]
INFO: [ app_end ] --START--
INFO: Run Behavior\ShowPageTraceBehavior [ RunTime:0.001043s ]
INFO: [ app_end ] --END-- [ RunTime:0.001098s ]

[ 2017-11-13T13:15:44+08:00 ] 127.0.0.1 /logsystem/index.php/Home/Index/main
INFO: [ app_init ] --START--
INFO: Run Behavior\BuildLiteBehavior [ RunTime:0.000012s ]
INFO: [ app_init ] --END-- [ RunTime:0.000359s ]
INFO: [ app_begin ] --START--
INFO: Run Behavior\ReadHtmlCacheBehavior [ RunTime:0.000521s ]
INFO: [ app_begin ] --END-- [ RunTime:0.000554s ]
NOTIC: [2048] Declaration of Home\Controller\IndexController::ajaxReturn() should be compatible with Think\Controller::ajaxReturn($data, $type = '', $json_option = 0) F:\phpStudy\WWW\logsystem\Apps\Home\Controller\IndexController.class.php 第 136 行.
SQL: SELECT * FROM `log` WHERE ( pid=0 )  [ RunTime:0.0008s ]
INFO: [ view_parse ] --START--
INFO: [ template_filter ] --START--
INFO: Run Behavior\ContentReplaceBehavior [ RunTime:0.000113s ]
INFO: [ template_filter ] --END-- [ RunTime:0.000232s ]
INFO: Run Behavior\ParseTemplateBehavior [ RunTime:0.033841s ]
INFO: [ view_parse ] --END-- [ RunTime:0.033986s ]
INFO: [ view_filter ] --START--
INFO: Run Behavior\WriteHtmlCacheBehavior [ RunTime:0.001423s ]
INFO: [ view_filter ] --END-- [ RunTime:0.001518s ]
INFO: [ app_end ] --START--
INFO: Run Behavior\ShowPageTraceBehavior [ RunTime:0.001828s ]
INFO: [ app_end ] --END-- [ RunTime:0.001897s ]

[ 2017-11-13T13:18:25+08:00 ] 127.0.0.1 /logsystem/index.php/Home/Index/getServer/id/1
INFO: [ app_init ] --START--
INFO: Run Behavior\BuildLiteBehavior [ RunTime:0.000009s ]
INFO: [ app_init ] --END-- [ RunTime:0.000315s ]
INFO: [ app_begin ] --START--
INFO: Run Behavior\ReadHtmlCacheBehavior [ RunTime:0.000484s ]
INFO: [ app_begin ] --END-- [ RunTime:0.000517s ]
NOTIC: [2048] Declaration of Home\Controller\IndexController::ajaxReturn() should be compatible with Think\Controller::ajaxReturn($data, $type = '', $json_option = 0) F:\phpStudy\WWW\logsystem\Apps\Home\Controller\IndexController.class.php 第 136 行.
SQL: SELECT * FROM `log` WHERE ( pid=1 )  [ RunTime:0.0007s ]
INFO: [ view_parse ] --START--
INFO: [ template_filter ] --START--
INFO: Run Behavior\ContentReplaceBehavior [ RunTime:0.000124s ]
INFO: [ template_filter ] --END-- [ RunTime:0.000247s ]
INFO: Run Behavior\ParseTemplateBehavior [ RunTime:0.063461s ]
INFO: [ view_parse ] --END-- [ RunTime:0.063602s ]
INFO: [ view_filter ] --START--
INFO: Run Behavior\WriteHtmlCacheBehavior [ RunTime:0.001490s ]
INFO: [ view_filter ] --END-- [ RunTime:0.001587s ]
INFO: [ app_end ] --START--
INFO: Run Behavior\ShowPageTraceBehavior [ RunTime:0.002068s ]
INFO: [ app_end ] --END-- [ RunTime:0.002174s ]

[ 2017-11-13T13:18:29+08:00 ] 127.0.0.1 /logsystem/index.php/Home/Index/getLog/id/4
INFO: [ app_init ] --START--
INFO: Run Behavior\BuildLiteBehavior [ RunTime:0.000013s ]
INFO: [ app_init ] --END-- [ RunTime:0.000340s ]
INFO: [ app_begin ] --START--
INFO: Run Behavior\ReadHtmlCacheBehavior [ RunTime:0.000540s ]
INFO: [ app_begin ] --END-- [ RunTime:0.000574s ]
NOTIC: [2048] Declaration of Home\Controller\IndexController::ajaxReturn() should be compatible with Think\Controller::ajaxReturn($data, $type = '', $json_option = 0) F:\phpStudy\WWW\logsystem\Apps\Home\Controller\IndexController.class.php 第 136 行.
SQL: SELECT * FROM `log` WHERE `id` = '4' LIMIT 1   [ RunTime:0.0009s ]

[ 2017-11-13T13:24:02+08:00 ] 127.0.0.1 /logsystem/index.php/Home/Server/getList/id/3
INFO: [ app_init ] --START--
INFO: Run Behavior\BuildLiteBehavior [ RunTime:0.000008s ]
INFO: [ app_init ] --END-- [ RunTime:0.000333s ]
INFO: [ app_begin ] --START--
INFO: Run Behavior\ReadHtmlCacheBehavior [ RunTime:0.000380s ]
INFO: [ app_begin ] --END-- [ RunTime:0.000412s ]
SQL: SELECT COUNT(*) AS tp_count FROM `log` WHERE ( pid=3 ) LIMIT 1   [ RunTime:0.0006s ]
SQL: SELECT * FROM `log` WHERE ( pid=3 ) ORDER BY id LIMIT 0,10   [ RunTime:0.0005s ]
INFO: [ view_parse ] --START--
INFO: [ template_filter ] --START--
INFO: Run Behavior\ContentReplaceBehavior [ RunTime:0.000068s ]
INFO: [ template_filter ] --END-- [ RunTime:0.000171s ]
INFO: Run Behavior\ParseTemplateBehavior [ RunTime:0.027280s ]
INFO: [ view_parse ] --END-- [ RunTime:0.027392s ]
INFO: [ view_filter ] --START--
INFO: Run Behavior\WriteHtmlCacheBehavior [ RunTime:0.000370s ]
INFO: [ view_filter ] --END-- [ RunTime:0.000405s ]
INFO: [ app_end ] --START--
INFO: Run Behavior\ShowPageTraceBehavior [ RunTime:0.000567s ]
INFO: [ app_end ] --END-- [ RunTime:0.000606s ]

[ 2017-11-13T13:24:07+08:00 ] 127.0.0.1 /logsystem/index.php/Home/Server/getList/id/2
INFO: [ app_init ] --START--
INFO: Run Behavior\BuildLiteBehavior [ RunTime:0.000009s ]
INFO: [ app_init ] --END-- [ RunTime:0.000277s ]
INFO: [ app_begin ] --START--
INFO: Run Behavior\ReadHtmlCacheBehavior [ RunTime:0.000319s ]
INFO: [ app_begin ] --END-- [ RunTime:0.000353s ]
SQL: SELECT COUNT(*) AS tp_count FROM `log` WHERE ( pid=2 ) LIMIT 1   [ RunTime:0.0002s ]
SQL: SELECT * FROM `log` WHERE ( pid=2 ) ORDER BY id LIMIT 0,10   [ RunTime:0.0002s ]
INFO: [ view_parse ] --START--
INFO: [ template_filter ] --START--
INFO: Run Behavior\ContentReplaceBehavior [ RunTime:0.000040s ]
INFO: [ template_filter ] --END-- [ RunTime:0.000076s ]
INFO: Run Behavior\ParseTemplateBehavior [ RunTime:0.005024s ]
INFO: [ view_parse ] --END-- [ RunTime:0.005075s ]
INFO: [ view_filter ] --START--
INFO: Run Behavior\WriteHtmlCacheBehavior [ RunTime:0.000187s ]
INFO: [ view_filter ] --END-- [ RunTime:0.000209s ]
INFO: [ app_end ] --START--
INFO: Run Behavior\ShowPageTraceBehavior [ RunTime:0.000376s ]
INFO: [ app_end ] --END-- [ RunTime:0.000403s ]

[ 2017-11-13T13:24:09+08:00 ] 127.0.0.1 /logsystem/index.php/Home/Server/getList/id/1
INFO: [ app_init ] --START--
INFO: Run Behavior\BuildLiteBehavior [ RunTime:0.000019s ]
INFO: [ app_init ] --END-- [ RunTime:0.000307s ]
INFO: [ app_begin ] --START--
INFO: Run Behavior\ReadHtmlCacheBehavior [ RunTime:0.000457s ]
INFO: [ app_begin ] --END-- [ RunTime:0.000502s ]
SQL: SELECT COUNT(*) AS tp_count FROM `log` WHERE ( pid=1 ) LIMIT 1   [ RunTime:0.0006s ]
SQL: SELECT * FROM `log` WHERE ( pid=1 ) ORDER BY id LIMIT 0,10   [ RunTime:0.0008s ]
INFO: [ view_parse ] --START--
INFO: [ template_filter ] --START--
INFO: Run Behavior\ContentReplaceBehavior [ RunTime:0.000150s ]
INFO: [ template_filter ] --END-- [ RunTime:0.000274s ]
INFO: Run Behavior\ParseTemplateBehavior [ RunTime:0.018694s ]
INFO: [ view_parse ] --END-- [ RunTime:0.018851s ]
INFO: [ view_filter ] --START--
INFO: Run Behavior\WriteHtmlCacheBehavior [ RunTime:0.000688s ]
INFO: [ view_filter ] --END-- [ RunTime:0.000781s ]
INFO: [ app_end ] --START--
INFO: Run Behavior\ShowPageTraceBehavior [ RunTime:0.001734s ]
INFO: [ app_end ] --END-- [ RunTime:0.001849s ]

[ 2017-11-13T13:24:14+08:00 ] 127.0.0.1 /logsystem/index.php/Home/Server/index
INFO: [ app_init ] --START--
INFO: Run Behavior\BuildLiteBehavior [ RunTime:0.000011s ]
INFO: [ app_init ] --END-- [ RunTime:0.000657s ]
INFO: [ app_begin ] --START--
INFO: Run Behavior\ReadHtmlCacheBehavior [ RunTime:0.000324s ]
INFO: [ app_begin ] --END-- [ RunTime:0.000357s ]
INFO: [ view_parse ] --START--
INFO: [ template_filter ] --START--
INFO: Run Behavior\ContentReplaceBehavior [ RunTime:0.000040s ]
INFO: [ template_filter ] --END-- [ RunTime:0.000077s ]
INFO: Run Behavior\ParseTemplateBehavior [ RunTime:0.004770s ]
INFO: [ view_parse ] --END-- [ RunTime:0.004820s ]
INFO: [ view_filter ] --START--
INFO: Run Behavior\WriteHtmlCacheBehavior [ RunTime:0.000174s ]
INFO: [ view_filter ] --END-- [ RunTime:0.000197s ]
INFO: [ app_end ] --START--
INFO: Run Behavior\ShowPageTraceBehavior [ RunTime:0.000316s ]
INFO: [ app_end ] --END-- [ RunTime:0.000342s ]

[ 2017-11-13T13:24:17+08:00 ] 127.0.0.1 /logsystem/index.php/Home/Server/getList/id/2
INFO: [ app_init ] --START--
INFO: Run Behavior\BuildLiteBehavior [ RunTime:0.000009s ]
INFO: [ app_init ] --END-- [ RunTime:0.000271s ]
INFO: [ app_begin ] --START--
INFO: Run Behavior\ReadHtmlCacheBehavior [ RunTime:0.000316s ]
INFO: [ app_begin ] --END-- [ RunTime:0.000354s ]
SQL: SELECT COUNT(*) AS tp_count FROM `log` WHERE ( pid=2 ) LIMIT 1   [ RunTime:0.0006s ]
SQL: SELECT * FROM `log` WHERE ( pid=2 ) ORDER BY id LIMIT 0,10   [ RunTime:0.0007s ]
INFO: [ view_parse ] --START--
INFO: [ template_filter ] --START--
INFO: Run Behavior\ContentReplaceBehavior [ RunTime:0.000083s ]
INFO: [ template_filter ] --END-- [ RunTime:0.000148s ]
INFO: Run Behavior\ParseTemplateBehavior [ RunTime:0.014723s ]
INFO: [ view_parse ] --END-- [ RunTime:0.014839s ]
INFO: [ view_filter ] --START--
INFO: Run Behavior\WriteHtmlCacheBehavior [ RunTime:0.000369s ]
INFO: [ view_filter ] --END-- [ RunTime:0.000419s ]
INFO: [ app_end ] --START--
INFO: Run Behavior\ShowPageTraceBehavior [ RunTime:0.000659s ]
INFO: [ app_end ] --END-- [ RunTime:0.000714s ]

[ 2017-11-13T13:24:22+08:00 ] 127.0.0.1 /logsystem/index.php/Home/Server/getList/id/1
INFO: [ app_init ] --START--
INFO: Run Behavior\BuildLiteBehavior [ RunTime:0.000009s ]
INFO: [ app_init ] --END-- [ RunTime:0.000256s ]
INFO: [ app_begin ] --START--
INFO: Run Behavior\ReadHtmlCacheBehavior [ RunTime:0.000306s ]
INFO: [ app_begin ] --END-- [ RunTime:0.000337s ]
SQL: SELECT COUNT(*) AS tp_count FROM `log` WHERE ( pid=1 ) LIMIT 1   [ RunTime:0.0004s ]
SQL: SELECT * FROM `log` WHERE ( pid=1 ) ORDER BY id LIMIT 0,10   [ RunTime:0.0005s ]
INFO: [ view_parse ] --START--
INFO: [ template_filter ] --START--
INFO: Run Behavior\ContentReplaceBehavior [ RunTime:0.000094s ]
INFO: [ template_filter ] --END-- [ RunTime:0.000173s ]
INFO: Run Behavior\ParseTemplateBehavior [ RunTime:0.011942s ]
INFO: [ view_parse ] --END-- [ RunTime:0.012050s ]
INFO: [ view_filter ] --START--
INFO: Run Behavior\WriteHtmlCacheBehavior [ RunTime:0.000457s ]
INFO: [ view_filter ] --END-- [ RunTime:0.000513s ]
INFO: [ app_end ] --START--
INFO: Run Behavior\ShowPageTraceBehavior [ RunTime:0.000791s ]
INFO: [ app_end ] --END-- [ RunTime:0.000857s ]

[ 2017-11-13T13:24:42+08:00 ] 127.0.0.1 /logsystem/index.php/Home/Index/getLog/id/4
INFO: [ app_init ] --START--
INFO: Run Behavior\BuildLiteBehavior [ RunTime:0.000009s ]
INFO: [ app_init ] --END-- [ RunTime:0.000252s ]
INFO: [ app_begin ] --START--
INFO: Run Behavior\ReadHtmlCacheBehavior [ RunTime:0.000339s ]
INFO: [ app_begin ] --END-- [ RunTime:0.000374s ]
NOTIC: [2048] Declaration of Home\Controller\IndexController::ajaxReturn() should be compatible with Think\Controller::ajaxReturn($data, $type = '', $json_option = 0) F:\phpStudy\WWW\logsystem\Apps\Home\Controller\IndexController.class.php 第 136 行.
SQL: SELECT * FROM `log` WHERE `id` = '4' LIMIT 1   [ RunTime:0.0004s ]

[ 2017-11-13T13:26:45+08:00 ] 127.0.0.1 /logsystem/index.php/Home/Index/logout
INFO: [ app_init ] --START--
INFO: Run Behavior\BuildLiteBehavior [ RunTime:0.000009s ]
INFO: [ app_init ] --END-- [ RunTime:0.000307s ]
INFO: [ app_begin ] --START--
INFO: Run Behavior\ReadHtmlCacheBehavior [ RunTime:0.000348s ]
INFO: [ app_begin ] --END-- [ RunTime:0.000381s ]
NOTIC: [2048] Declaration of Home\Controller\IndexController::ajaxReturn() should be compatible with Think\Controller::ajaxReturn($data, $type = '', $json_option = 0) F:\phpStudy\WWW\logsystem\Apps\Home\Controller\IndexController.class.php 第 136 行.

