[ 2018-03-06T15:48:15+08:00 ] ::1 /logsystem/
INFO: [ app_init ] --START--
INFO: Run Behavior\BuildLiteBehavior [ RunTime:0.000010s ]
INFO: [ app_init ] --END-- [ RunTime:0.008863s ]
INFO: [ app_begin ] --START--
INFO: Run Behavior\ReadHtmlCacheBehavior [ RunTime:0.013482s ]
INFO: [ app_begin ] --END-- [ RunTime:0.013530s ]
NOTIC: [2048] Declaration of Home\Controller\IndexController::ajaxReturn() should be compatible with Think\Controller::ajaxReturn($data, $type = '', $json_option = 0) F:\phpStudy\WWW\logsystem\Apps\Home\Controller\IndexController.class.php 第 136 行.
INFO: [ view_parse ] --START--
INFO: [ template_filter ] --START--
INFO: Run Behavior\ContentReplaceBehavior [ RunTime:0.000065s ]
INFO: [ template_filter ] --END-- [ RunTime:0.000101s ]
INFO: Run Behavior\ParseTemplateBehavior [ RunTime:0.084159s ]
INFO: [ view_parse ] --END-- [ RunTime:0.084215s ]
INFO: [ view_filter ] --START--
INFO: Run Behavior\WriteHtmlCacheBehavior [ RunTime:0.009509s ]
INFO: [ view_filter ] --END-- [ RunTime:0.009544s ]
INFO: [ app_end ] --START--
INFO: Run Behavior\ShowPageTraceBehavior [ RunTime:0.007055s ]
INFO: [ app_end ] --END-- [ RunTime:0.007092s ]

[ 2018-03-06T15:48:23+08:00 ] ::1 /logsystem/index.php/Home/Index/login
INFO: [ app_init ] --START--
INFO: Run Behavior\BuildLiteBehavior [ RunTime:0.000009s ]
INFO: [ app_init ] --END-- [ RunTime:0.000235s ]
INFO: [ app_begin ] --START--
INFO: Run Behavior\ReadHtmlCacheBehavior [ RunTime:0.000337s ]
INFO: [ app_begin ] --END-- [ RunTime:0.000376s ]
NOTIC: [2048] Declaration of Home\Controller\IndexController::ajaxReturn() should be compatible with Think\Controller::ajaxReturn($data, $type = '', $json_option = 0) F:\phpStudy\WWW\logsystem\Apps\Home\Controller\IndexController.class.php 第 136 行.
SQL: SELECT * FROM `log` WHERE ( pid=0 )  [ RunTime:0.0537s ]
INFO: [ view_parse ] --START--
INFO: [ template_filter ] --START--
INFO: Run Behavior\ContentReplaceBehavior [ RunTime:0.000127s ]
INFO: [ template_filter ] --END-- [ RunTime:0.000208s ]
INFO: Run Behavior\ParseTemplateBehavior [ RunTime:0.046350s ]
INFO: [ view_parse ] --END-- [ RunTime:0.046447s ]
INFO: [ view_filter ] --START--
INFO: Run Behavior\WriteHtmlCacheBehavior [ RunTime:0.000610s ]
INFO: [ view_filter ] --END-- [ RunTime:0.000667s ]
INFO: [ app_end ] --START--
INFO: Run Behavior\ShowPageTraceBehavior [ RunTime:0.000959s ]
INFO: [ app_end ] --END-- [ RunTime:0.001021s ]

[ 2018-03-06T15:48:24+08:00 ] ::1 /logsystem/index.php/Home/Index/main
INFO: [ app_init ] --START--
INFO: Run Behavior\BuildLiteBehavior [ RunTime:0.000010s ]
INFO: [ app_init ] --END-- [ RunTime:0.000330s ]
INFO: [ app_begin ] --START--
INFO: Run Behavior\ReadHtmlCacheBehavior [ RunTime:0.000511s ]
INFO: [ app_begin ] --END-- [ RunTime:0.000556s ]
NOTIC: [2048] Declaration of Home\Controller\IndexController::ajaxReturn() should be compatible with Think\Controller::ajaxReturn($data, $type = '', $json_option = 0) F:\phpStudy\WWW\logsystem\Apps\Home\Controller\IndexController.class.php 第 136 行.
SQL: SELECT * FROM `log` WHERE ( pid=0 )  [ RunTime:0.0008s ]
INFO: [ view_parse ] --START--
INFO: [ template_filter ] --START--
INFO: Run Behavior\ContentReplaceBehavior [ RunTime:0.000118s ]
INFO: [ template_filter ] --END-- [ RunTime:0.000233s ]
INFO: Run Behavior\ParseTemplateBehavior [ RunTime:0.061083s ]
INFO: [ view_parse ] --END-- [ RunTime:0.061193s ]
INFO: [ view_filter ] --START--
INFO: Run Behavior\WriteHtmlCacheBehavior [ RunTime:0.000467s ]
INFO: [ view_filter ] --END-- [ RunTime:0.000509s ]
INFO: [ app_end ] --START--
INFO: Run Behavior\ShowPageTraceBehavior [ RunTime:0.000715s ]
INFO: [ app_end ] --END-- [ RunTime:0.000762s ]

[ 2018-03-06T15:48:28+08:00 ] ::1 /logsystem/index.php/Home/Index/getServer/id/1
INFO: [ app_init ] --START--
INFO: Run Behavior\BuildLiteBehavior [ RunTime:0.000010s ]
INFO: [ app_init ] --END-- [ RunTime:0.000337s ]
INFO: [ app_begin ] --START--
INFO: Run Behavior\ReadHtmlCacheBehavior [ RunTime:0.000385s ]
INFO: [ app_begin ] --END-- [ RunTime:0.000417s ]
NOTIC: [2048] Declaration of Home\Controller\IndexController::ajaxReturn() should be compatible with Think\Controller::ajaxReturn($data, $type = '', $json_option = 0) F:\phpStudy\WWW\logsystem\Apps\Home\Controller\IndexController.class.php 第 136 行.
SQL: SELECT * FROM `log` WHERE ( pid=1 )  [ RunTime:0.0008s ]
INFO: [ view_parse ] --START--
INFO: [ template_filter ] --START--
INFO: Run Behavior\ContentReplaceBehavior [ RunTime:0.000074s ]
INFO: [ template_filter ] --END-- [ RunTime:0.000147s ]
INFO: Run Behavior\ParseTemplateBehavior [ RunTime:0.047028s ]
INFO: [ view_parse ] --END-- [ RunTime:0.047159s ]
INFO: [ view_filter ] --START--
INFO: Run Behavior\WriteHtmlCacheBehavior [ RunTime:0.000258s ]
INFO: [ view_filter ] --END-- [ RunTime:0.000282s ]
INFO: [ app_end ] --START--
INFO: Run Behavior\ShowPageTraceBehavior [ RunTime:0.000392s ]
INFO: [ app_end ] --END-- [ RunTime:0.000418s ]

[ 2018-03-06T15:48:31+08:00 ] ::1 /logsystem/index.php/Home/Index/getLog/id/4
INFO: [ app_init ] --START--
INFO: Run Behavior\BuildLiteBehavior [ RunTime:0.000008s ]
INFO: [ app_init ] --END-- [ RunTime:0.000280s ]
INFO: [ app_begin ] --START--
INFO: Run Behavior\ReadHtmlCacheBehavior [ RunTime:0.000366s ]
INFO: [ app_begin ] --END-- [ RunTime:0.000398s ]
NOTIC: [2048] Declaration of Home\Controller\IndexController::ajaxReturn() should be compatible with Think\Controller::ajaxReturn($data, $type = '', $json_option = 0) F:\phpStudy\WWW\logsystem\Apps\Home\Controller\IndexController.class.php 第 136 行.
SQL: SELECT * FROM `log` WHERE `id` = '4' LIMIT 1   [ RunTime:0.0008s ]

[ 2018-03-06T15:48:35+08:00 ] ::1 /logsystem/index.php/Home/Server/getList/id/2
INFO: [ app_init ] --START--
INFO: Run Behavior\BuildLiteBehavior [ RunTime:0.000010s ]
INFO: [ app_init ] --END-- [ RunTime:0.000295s ]
INFO: [ app_begin ] --START--
INFO: Run Behavior\ReadHtmlCacheBehavior [ RunTime:0.000382s ]
INFO: [ app_begin ] --END-- [ RunTime:0.000415s ]
SQL: SELECT COUNT(*) AS tp_count FROM `log` WHERE ( pid=2 ) LIMIT 1   [ RunTime:0.0014s ]
SQL: SELECT * FROM `log` WHERE ( pid=2 ) ORDER BY id LIMIT 0,10   [ RunTime:0.0007s ]
INFO: [ view_parse ] --START--
INFO: [ template_filter ] --START--
INFO: Run Behavior\ContentReplaceBehavior [ RunTime:0.000146s ]
INFO: [ template_filter ] --END-- [ RunTime:0.000262s ]
INFO: Run Behavior\ParseTemplateBehavior [ RunTime:0.067989s ]
INFO: [ view_parse ] --END-- [ RunTime:0.068166s ]
INFO: [ view_filter ] --START--
INFO: Run Behavior\WriteHtmlCacheBehavior [ RunTime:0.000984s ]
INFO: [ view_filter ] --END-- [ RunTime:0.001079s ]
INFO: [ app_end ] --START--
INFO: Run Behavior\ShowPageTraceBehavior [ RunTime:0.001495s ]
INFO: [ app_end ] --END-- [ RunTime:0.001599s ]

[ 2018-03-06T15:48:51+08:00 ] ::1 /logsystem/index.php/Home/Index/getLog/id/6
INFO: [ app_init ] --START--
INFO: Run Behavior\BuildLiteBehavior [ RunTime:0.000009s ]
INFO: [ app_init ] --END-- [ RunTime:0.000288s ]
INFO: [ app_begin ] --START--
INFO: Run Behavior\ReadHtmlCacheBehavior [ RunTime:0.000375s ]
INFO: [ app_begin ] --END-- [ RunTime:0.000407s ]
NOTIC: [2048] Declaration of Home\Controller\IndexController::ajaxReturn() should be compatible with Think\Controller::ajaxReturn($data, $type = '', $json_option = 0) F:\phpStudy\WWW\logsystem\Apps\Home\Controller\IndexController.class.php 第 136 行.
SQL: SELECT * FROM `log` WHERE `id` = '6' LIMIT 1   [ RunTime:0.0007s ]

[ 2018-03-06T15:48:58+08:00 ] ::1 /logsystem/index.php/Home/Server/getList/id/2
INFO: [ app_init ] --START--
INFO: Run Behavior\BuildLiteBehavior [ RunTime:0.000008s ]
INFO: [ app_init ] --END-- [ RunTime:0.000281s ]
INFO: [ app_begin ] --START--
INFO: Run Behavior\ReadHtmlCacheBehavior [ RunTime:0.000365s ]
INFO: [ app_begin ] --END-- [ RunTime:0.000396s ]
SQL: SELECT COUNT(*) AS tp_count FROM `log` WHERE ( pid=2 ) LIMIT 1   [ RunTime:0.0007s ]
SQL: SELECT * FROM `log` WHERE ( pid=2 ) ORDER BY id LIMIT 0,10   [ RunTime:0.0007s ]
INFO: [ view_parse ] --START--
INFO: [ template_filter ] --START--
INFO: Run Behavior\ContentReplaceBehavior [ RunTime:0.000146s ]
INFO: [ template_filter ] --END-- [ RunTime:0.000259s ]
INFO: Run Behavior\ParseTemplateBehavior [ RunTime:0.020420s ]
INFO: [ view_parse ] --END-- [ RunTime:0.020571s ]
INFO: [ view_filter ] --START--
INFO: Run Behavior\WriteHtmlCacheBehavior [ RunTime:0.000972s ]
INFO: [ view_filter ] --END-- [ RunTime:0.001065s ]
INFO: [ app_end ] --START--
INFO: Run Behavior\ShowPageTraceBehavior [ RunTime:0.001494s ]
INFO: [ app_end ] --END-- [ RunTime:0.001596s ]

[ 2018-03-06T15:49:25+08:00 ] ::1 /logsystem/index.php/Home/Server/getList/id/3
INFO: [ app_init ] --START--
INFO: Run Behavior\BuildLiteBehavior [ RunTime:0.000010s ]
INFO: [ app_init ] --END-- [ RunTime:0.000287s ]
INFO: [ app_begin ] --START--
INFO: Run Behavior\ReadHtmlCacheBehavior [ RunTime:0.000394s ]
INFO: [ app_begin ] --END-- [ RunTime:0.000428s ]
SQL: SELECT COUNT(*) AS tp_count FROM `log` WHERE ( pid=3 ) LIMIT 1   [ RunTime:0.0007s ]
SQL: SELECT * FROM `log` WHERE ( pid=3 ) ORDER BY id LIMIT 0,10   [ RunTime:0.0008s ]
INFO: [ view_parse ] --START--
INFO: [ template_filter ] --START--
INFO: Run Behavior\ContentReplaceBehavior [ RunTime:0.000144s ]
INFO: [ template_filter ] --END-- [ RunTime:0.000257s ]
INFO: Run Behavior\ParseTemplateBehavior [ RunTime:0.020183s ]
INFO: [ view_parse ] --END-- [ RunTime:0.020337s ]
INFO: [ view_filter ] --START--
INFO: Run Behavior\WriteHtmlCacheBehavior [ RunTime:0.000961s ]
INFO: [ view_filter ] --END-- [ RunTime:0.001053s ]
INFO: [ app_end ] --START--
INFO: Run Behavior\ShowPageTraceBehavior [ RunTime:0.001474s ]
INFO: [ app_end ] --END-- [ RunTime:0.001573s ]

[ 2018-03-06T15:49:26+08:00 ] ::1 /logsystem/index.php/Home/Server/getList/id/3
INFO: [ app_init ] --START--
INFO: Run Behavior\BuildLiteBehavior [ RunTime:0.000008s ]
INFO: [ app_init ] --END-- [ RunTime:0.000286s ]
INFO: [ app_begin ] --START--
INFO: Run Behavior\ReadHtmlCacheBehavior [ RunTime:0.000371s ]
INFO: [ app_begin ] --END-- [ RunTime:0.000402s ]
SQL: SELECT COUNT(*) AS tp_count FROM `log` WHERE ( pid=3 ) LIMIT 1   [ RunTime:0.0008s ]
SQL: SELECT * FROM `log` WHERE ( pid=3 ) ORDER BY id LIMIT 0,10   [ RunTime:0.0008s ]
INFO: [ view_parse ] --START--
INFO: [ template_filter ] --START--
INFO: Run Behavior\ContentReplaceBehavior [ RunTime:0.000098s ]
INFO: [ template_filter ] --END-- [ RunTime:0.000183s ]
INFO: Run Behavior\ParseTemplateBehavior [ RunTime:0.018148s ]
INFO: [ view_parse ] --END-- [ RunTime:0.018275s ]
INFO: [ view_filter ] --START--
INFO: Run Behavior\WriteHtmlCacheBehavior [ RunTime:0.000857s ]
INFO: [ view_filter ] --END-- [ RunTime:0.000922s ]
INFO: [ app_end ] --START--
INFO: Run Behavior\ShowPageTraceBehavior [ RunTime:0.000958s ]
INFO: [ app_end ] --END-- [ RunTime:0.001020s ]

[ 2018-03-06T15:49:31+08:00 ] ::1 /logsystem/index.php/Home/Server/update
INFO: [ app_init ] --START--
INFO: Run Behavior\BuildLiteBehavior [ RunTime:0.000008s ]
INFO: [ app_init ] --END-- [ RunTime:0.000285s ]
INFO: [ app_begin ] --START--
INFO: Run Behavior\ReadHtmlCacheBehavior [ RunTime:0.000365s ]
INFO: [ app_begin ] --END-- [ RunTime:0.000397s ]
SQL: UPDATE `log` SET `server_account`='root',`server_name`='wangwu',`server_url`='59.110.218.166',`log_path`='/' WHERE ( id=9 ) [ RunTime:0.0024s ]
INFO: [ view_parse ] --START--
INFO: [ template_filter ] --START--
INFO: Run Behavior\ContentReplaceBehavior [ RunTime:0.000044s ]
INFO: [ template_filter ] --END-- [ RunTime:0.000105s ]
INFO: Run Behavior\ParseTemplateBehavior [ RunTime:0.070146s ]
INFO: [ view_parse ] --END-- [ RunTime:0.070232s ]
INFO: [ view_filter ] --START--
INFO: Run Behavior\WriteHtmlCacheBehavior [ RunTime:0.000465s ]
INFO: [ view_filter ] --END-- [ RunTime:0.000511s ]

[ 2018-03-06T15:49:38+08:00 ] ::1 /logsystem/index.php/Home/Server/getList/id/3
INFO: [ app_init ] --START--
INFO: Run Behavior\BuildLiteBehavior [ RunTime:0.000008s ]
INFO: [ app_init ] --END-- [ RunTime:0.000278s ]
INFO: [ app_begin ] --START--
INFO: Run Behavior\ReadHtmlCacheBehavior [ RunTime:0.000392s ]
INFO: [ app_begin ] --END-- [ RunTime:0.000427s ]
SQL: SELECT COUNT(*) AS tp_count FROM `log` WHERE ( pid=3 ) LIMIT 1   [ RunTime:0.0007s ]
SQL: SELECT * FROM `log` WHERE ( pid=3 ) ORDER BY id LIMIT 0,10   [ RunTime:0.0007s ]
INFO: [ view_parse ] --START--
INFO: [ template_filter ] --START--
INFO: Run Behavior\ContentReplaceBehavior [ RunTime:0.000146s ]
INFO: [ template_filter ] --END-- [ RunTime:0.000262s ]
INFO: Run Behavior\ParseTemplateBehavior [ RunTime:0.020649s ]
INFO: [ view_parse ] --END-- [ RunTime:0.020808s ]
INFO: [ view_filter ] --START--
INFO: Run Behavior\WriteHtmlCacheBehavior [ RunTime:0.000839s ]
INFO: [ view_filter ] --END-- [ RunTime:0.000905s ]
INFO: [ app_end ] --START--
INFO: Run Behavior\ShowPageTraceBehavior [ RunTime:0.000823s ]
INFO: [ app_end ] --END-- [ RunTime:0.000878s ]

[ 2018-03-06T15:49:45+08:00 ] ::1 /logsystem/index.php/Home/Server/getList/id/1
INFO: [ app_init ] --START--
INFO: Run Behavior\BuildLiteBehavior [ RunTime:0.000009s ]
INFO: [ app_init ] --END-- [ RunTime:0.000293s ]
INFO: [ app_begin ] --START--
INFO: Run Behavior\ReadHtmlCacheBehavior [ RunTime:0.000393s ]
INFO: [ app_begin ] --END-- [ RunTime:0.000427s ]
SQL: SELECT COUNT(*) AS tp_count FROM `log` WHERE ( pid=1 ) LIMIT 1   [ RunTime:0.0007s ]
SQL: SELECT * FROM `log` WHERE ( pid=1 ) ORDER BY id LIMIT 0,10   [ RunTime:0.0008s ]
INFO: [ view_parse ] --START--
INFO: [ template_filter ] --START--
INFO: Run Behavior\ContentReplaceBehavior [ RunTime:0.000144s ]
INFO: [ template_filter ] --END-- [ RunTime:0.000257s ]
INFO: Run Behavior\ParseTemplateBehavior [ RunTime:0.019076s ]
INFO: [ view_parse ] --END-- [ RunTime:0.019183s ]
INFO: [ view_filter ] --START--
INFO: Run Behavior\WriteHtmlCacheBehavior [ RunTime:0.000514s ]
INFO: [ view_filter ] --END-- [ RunTime:0.000564s ]
INFO: [ app_end ] --START--
INFO: Run Behavior\ShowPageTraceBehavior [ RunTime:0.000797s ]
INFO: [ app_end ] --END-- [ RunTime:0.000850s ]

[ 2018-03-06T15:50:21+08:00 ] ::1 /logsystem/index.php/Home/Server/getList/id/2
INFO: [ app_init ] --START--
INFO: Run Behavior\BuildLiteBehavior [ RunTime:0.000008s ]
INFO: [ app_init ] --END-- [ RunTime:0.000261s ]
INFO: [ app_begin ] --START--
INFO: Run Behavior\ReadHtmlCacheBehavior [ RunTime:0.000372s ]
INFO: [ app_begin ] --END-- [ RunTime:0.000405s ]
SQL: SELECT COUNT(*) AS tp_count FROM `log` WHERE ( pid=2 ) LIMIT 1   [ RunTime:0.0007s ]
SQL: SELECT * FROM `log` WHERE ( pid=2 ) ORDER BY id LIMIT 0,10   [ RunTime:0.0007s ]
INFO: [ view_parse ] --START--
INFO: [ template_filter ] --START--
INFO: Run Behavior\ContentReplaceBehavior [ RunTime:0.000145s ]
INFO: [ template_filter ] --END-- [ RunTime:0.000260s ]
INFO: Run Behavior\ParseTemplateBehavior [ RunTime:0.020485s ]
INFO: [ view_parse ] --END-- [ RunTime:0.020642s ]
INFO: [ view_filter ] --START--
INFO: Run Behavior\WriteHtmlCacheBehavior [ RunTime:0.001161s ]
INFO: [ view_filter ] --END-- [ RunTime:0.001257s ]
INFO: [ app_end ] --START--
INFO: Run Behavior\ShowPageTraceBehavior [ RunTime:0.001516s ]
INFO: [ app_end ] --END-- [ RunTime:0.001621s ]

[ 2018-03-06T15:50:25+08:00 ] ::1 /logsystem/index.php/Home/Server/getList/id/3
INFO: [ app_init ] --START--
INFO: Run Behavior\BuildLiteBehavior [ RunTime:0.000008s ]
INFO: [ app_init ] --END-- [ RunTime:0.000261s ]
INFO: [ app_begin ] --START--
INFO: Run Behavior\ReadHtmlCacheBehavior [ RunTime:0.000371s ]
INFO: [ app_begin ] --END-- [ RunTime:0.000408s ]
SQL: SELECT COUNT(*) AS tp_count FROM `log` WHERE ( pid=3 ) LIMIT 1   [ RunTime:0.0006s ]
SQL: SELECT * FROM `log` WHERE ( pid=3 ) ORDER BY id LIMIT 0,10   [ RunTime:0.0007s ]
INFO: [ view_parse ] --START--
INFO: [ template_filter ] --START--
INFO: Run Behavior\ContentReplaceBehavior [ RunTime:0.000145s ]
INFO: [ template_filter ] --END-- [ RunTime:0.000258s ]
INFO: Run Behavior\ParseTemplateBehavior [ RunTime:0.019771s ]
INFO: [ view_parse ] --END-- [ RunTime:0.019932s ]
INFO: [ view_filter ] --START--
INFO: Run Behavior\WriteHtmlCacheBehavior [ RunTime:0.000977s ]
INFO: [ view_filter ] --END-- [ RunTime:0.001106s ]
INFO: [ app_end ] --START--
INFO: Run Behavior\ShowPageTraceBehavior [ RunTime:0.001536s ]
INFO: [ app_end ] --END-- [ RunTime:0.001641s ]

[ 2018-03-06T15:50:46+08:00 ] ::1 /logsystem/index.php/Home/Server/index
INFO: [ app_init ] --START--
INFO: Run Behavior\BuildLiteBehavior [ RunTime:0.000008s ]
INFO: [ app_init ] --END-- [ RunTime:0.000269s ]
INFO: [ app_begin ] --START--
INFO: Run Behavior\ReadHtmlCacheBehavior [ RunTime:0.000395s ]
INFO: [ app_begin ] --END-- [ RunTime:0.000429s ]
INFO: [ view_parse ] --START--
INFO: [ template_filter ] --START--
INFO: Run Behavior\ContentReplaceBehavior [ RunTime:0.000039s ]
INFO: [ template_filter ] --END-- [ RunTime:0.000077s ]
INFO: Run Behavior\ParseTemplateBehavior [ RunTime:0.036721s ]
INFO: [ view_parse ] --END-- [ RunTime:0.036764s ]
INFO: [ view_filter ] --START--
INFO: Run Behavior\WriteHtmlCacheBehavior [ RunTime:0.000250s ]
INFO: [ view_filter ] --END-- [ RunTime:0.000275s ]
INFO: [ app_end ] --START--
INFO: Run Behavior\ShowPageTraceBehavior [ RunTime:0.000384s ]
INFO: [ app_end ] --END-- [ RunTime:0.000409s ]

[ 2018-03-06T15:51:10+08:00 ] ::1 /logsystem/index.php/Home/Server/getList/id/1
INFO: [ app_init ] --START--
INFO: Run Behavior\BuildLiteBehavior [ RunTime:0.000009s ]
INFO: [ app_init ] --END-- [ RunTime:0.000286s ]
INFO: [ app_begin ] --START--
INFO: Run Behavior\ReadHtmlCacheBehavior [ RunTime:0.000386s ]
INFO: [ app_begin ] --END-- [ RunTime:0.000418s ]
SQL: SELECT COUNT(*) AS tp_count FROM `log` WHERE ( pid=1 ) LIMIT 1   [ RunTime:0.0006s ]
SQL: SELECT * FROM `log` WHERE ( pid=1 ) ORDER BY id LIMIT 0,10   [ RunTime:0.0009s ]
INFO: [ view_parse ] --START--
INFO: [ template_filter ] --START--
INFO: Run Behavior\ContentReplaceBehavior [ RunTime:0.000146s ]
INFO: [ template_filter ] --END-- [ RunTime:0.000262s ]
INFO: Run Behavior\ParseTemplateBehavior [ RunTime:0.018430s ]
INFO: [ view_parse ] --END-- [ RunTime:0.018541s ]
INFO: [ view_filter ] --START--
INFO: Run Behavior\WriteHtmlCacheBehavior [ RunTime:0.000515s ]
INFO: [ view_filter ] --END-- [ RunTime:0.000565s ]
INFO: [ app_end ] --START--
INFO: Run Behavior\ShowPageTraceBehavior [ RunTime:0.000790s ]
INFO: [ app_end ] --END-- [ RunTime:0.000843s ]

