[ 2017-10-19T13:57:01+08:00 ] ::1 /logs/logsystem/index.php/Server/list/id/1.html
INFO: [ app_init ] --START--
INFO: Run Behavior\BuildLiteBehavior [ RunTime:0.000010s ]
INFO: [ app_init ] --END-- [ RunTime:0.000310s ]
ERR: 无法加载模块:Server

[ 2017-10-19T13:57:19+08:00 ] ::1 /logs/logsystem/index.php/Server/list/id/2.html
INFO: [ app_init ] --START--
INFO: Run Behavior\BuildLiteBehavior [ RunTime:0.000011s ]
INFO: [ app_init ] --END-- [ RunTime:0.000348s ]
ERR: 无法加载模块:Server

[ 2017-10-19T14:17:50+08:00 ] ::1 /logs/logsystem/index.php/Server/list/id/2.html
INFO: [ app_init ] --START--
INFO: Run Behavior\BuildLiteBehavior [ RunTime:0.000011s ]
INFO: [ app_init ] --END-- [ RunTime:0.000351s ]
ERR: 无法加载模块:Server

[ 2017-10-19T18:08:19+08:00 ] ::1 /logs/logsystem/index.php/picture/1.jpg
INFO: [ app_init ] --START--
INFO: Run Behavior\BuildLiteBehavior [ RunTime:0.000016s ]
INFO: [ app_init ] --END-- [ RunTime:0.000355s ]
ERR: 无法加载模块:Picture

[ 2017-10-19T18:14:35+08:00 ] ::1 /logs/logsystem/index.php/picture/1.jpg
INFO: [ app_init ] --START--
INFO: Run Behavior\BuildLiteBehavior [ RunTime:0.000012s ]
INFO: [ app_init ] --END-- [ RunTime:0.000319s ]
ERR: 无法加载模块:Picture

